<?xml version="1.0" encoding="UTF-8"?>
<coverage generated="1607503264518" clover="3.2.0">
  <project timestamp="1607503264518" name="All files">
    <metrics statements="1" coveredstatements="1" conditionals="5" coveredconditionals="4" methods="16" coveredmethods="15" elements="22" coveredelements="20" complexity="0" loc="1" ncloc="1" packages="1" files="1" classes="1"/>
    <file name="forexy.min.js" path="/home/frank/code2/2020nov/forexy/forexy.min.js">
      <metrics statements="1" coveredstatements="1" conditionals="5" coveredconditionals="4" methods="16" coveredmethods="15"/>
      <line num="8" count="16" type="cond" truecount="4" falsecount="1"/>
    </file>
  </project>
</coverage>
