<?xml version="1.0" encoding="UTF-8"?>
<coverage generated="1607487554267" clover="3.2.0">
  <project timestamp="1607487554267" name="All files">
    <metrics statements="1" coveredstatements="1" conditionals="5" coveredconditionals="1" methods="15" coveredmethods="3" elements="21" coveredelements="5" complexity="0" loc="1" ncloc="1" packages="1" files="1" classes="1"/>
    <file name="forexy.min.js" path="/home/frank/code2/2020nov/forexy/forexy.min.js">
      <metrics statements="1" coveredstatements="1" conditionals="5" coveredconditionals="1" methods="15" coveredmethods="3"/>
      <line num="8" count="3" type="cond" truecount="1" falsecount="4"/>
    </file>
  </project>
</coverage>
