{"/home/frank/code2/2020nov/forexy/forexy.min.js": {"path":"/home/frank/code2/2020nov/forexy/forexy.min.js","statementMap":{"0":{"start":{"line":8,"column":8},"end":{"line":8,"column":24}},"1":{"start":{"line":8,"column":47},"end":{"line":8,"column":63}},"2":{"start":{"line":8,"column":67},"end":{"line":8,"column":101}},"3":{"start":{"line":8,"column":75},"end":{"line":8,"column":100}},"4":{"start":{"line":8,"column":107},"end":{"line":8,"column":174}},"5":{"start":{"line":8,"column":115},"end":{"line":8,"column":173}},"6":{"start":{"line":8,"column":140},"end":{"line":8,"column":147}},"7":{"start":{"line":8,"column":162},"end":{"line":8,"column":171}},"8":{"start":{"line":8,"column":205},"end":{"line":8,"column":244}},"9":{"start":{"line":8,"column":277},"end":{"line":8,"column":360}},"10":{"start":{"line":8,"column":387},"end":{"line":8,"column":402}},"11":{"start":{"line":8,"column":403},"end":{"line":8,"column":477}},"12":{"start":{"line":8,"column":493},"end":{"line":8,"column":507}},"13":{"start":{"line":8,"column":508},"end":{"line":8,"column":605}},"14":{"start":{"line":8,"column":536},"end":{"line":8,"column":602}},"15":{"start":{"line":8,"column":540},"end":{"line":8,"column":587}},"16":{"start":{"line":8,"column":597},"end":{"line":8,"column":601}},"17":{"start":{"line":8,"column":623},"end":{"line":8,"column":1969}},"18":{"start":{"line":8,"column":651},"end":{"line":8,"column":1966}},"19":{"start":{"line":8,"column":811},"end":{"line":8,"column":1394}},"20":{"start":{"line":8,"column":1443},"end":{"line":8,"column":1445}},"21":{"start":{"line":8,"column":1446},"end":{"line":8,"column":1939}},"22":{"start":{"line":8,"column":1531},"end":{"line":8,"column":1557}},"23":{"start":{"line":8,"column":1578},"end":{"line":8,"column":1936}},"24":{"start":{"line":8,"column":1588},"end":{"line":8,"column":1601}},"25":{"start":{"line":8,"column":1602},"end":{"line":8,"column":1921}},"26":{"start":{"line":8,"column":1931},"end":{"line":8,"column":1935}},"27":{"start":{"line":8,"column":1959},"end":{"line":8,"column":1963}},"28":{"start":{"line":8,"column":1971},"end":{"line":8,"column":1988}}},"fnMap":{"0":{"name":"(anonymous_0)","decl":{"start":{"line":8,"column":33},"end":{"line":8,"column":34}},"loc":{"start":{"line":8,"column":46},"end":{"line":8,"column":64}},"line":8},"1":{"name":"(anonymous_1)","decl":{"start":{"line":8,"column":67},"end":{"line":8,"column":68}},"loc":{"start":{"line":8,"column":74},"end":{"line":8,"column":101}},"line":8},"2":{"name":"(anonymous_2)","decl":{"start":{"line":8,"column":107},"end":{"line":8,"column":108}},"loc":{"start":{"line":8,"column":114},"end":{"line":8,"column":174}},"line":8},"3":{"name":"(anonymous_3)","decl":{"start":{"line":8,"column":137},"end":{"line":8,"column":138}},"loc":{"start":{"line":8,"column":140},"end":{"line":8,"column":147}},"line":8},"4":{"name":"(anonymous_4)","decl":{"start":{"line":8,"column":159},"end":{"line":8,"column":160}},"loc":{"start":{"line":8,"column":162},"end":{"line":8,"column":171}},"line":8},"5":{"name":"(anonymous_5)","decl":{"start":{"line":8,"column":245},"end":{"line":8,"column":246}},"loc":{"start":{"line":8,"column":276},"end":{"line":8,"column":361}},"line":8},"6":{"name":"(anonymous_6)","decl":{"start":{"line":8,"column":361},"end":{"line":8,"column":362}},"loc":{"start":{"line":8,"column":380},"end":{"line":8,"column":478}},"line":8},"7":{"name":"(anonymous_7)","decl":{"start":{"line":8,"column":478},"end":{"line":8,"column":479}},"loc":{"start":{"line":8,"column":484},"end":{"line":8,"column":606}},"line":8},"8":{"name":"(anonymous_8)","decl":{"start":{"line":8,"column":528},"end":{"line":8,"column":529}},"loc":{"start":{"line":8,"column":535},"end":{"line":8,"column":603}},"line":8},"9":{"name":"(anonymous_9)","decl":{"start":{"line":8,"column":606},"end":{"line":8,"column":607}},"loc":{"start":{"line":8,"column":622},"end":{"line":8,"column":1970}},"line":8},"10":{"name":"(anonymous_10)","decl":{"start":{"line":8,"column":643},"end":{"line":8,"column":644}},"loc":{"start":{"line":8,"column":650},"end":{"line":8,"column":1967}},"line":8},"11":{"name":"(anonymous_11)","decl":{"start":{"line":8,"column":806},"end":{"line":8,"column":807}},"loc":{"start":{"line":8,"column":810},"end":{"line":8,"column":1395}},"line":8},"12":{"name":"(anonymous_12)","decl":{"start":{"line":8,"column":1433},"end":{"line":8,"column":1434}},"loc":{"start":{"line":8,"column":1436},"end":{"line":8,"column":1940}},"line":8},"13":{"name":"(anonymous_13)","decl":{"start":{"line":8,"column":1527},"end":{"line":8,"column":1528}},"loc":{"start":{"line":8,"column":1530},"end":{"line":8,"column":1558}},"line":8},"14":{"name":"(anonymous_14)","decl":{"start":{"line":8,"column":1573},"end":{"line":8,"column":1574}},"loc":{"start":{"line":8,"column":1577},"end":{"line":8,"column":1937}},"line":8},"15":{"name":"(anonymous_15)","decl":{"start":{"line":8,"column":1955},"end":{"line":8,"column":1956}},"loc":{"start":{"line":8,"column":1958},"end":{"line":8,"column":1964}},"line":8}},"branchMap":{"0":{"loc":{"start":{"line":8,"column":257},"end":{"line":8,"column":275}},"type":"default-arg","locations":[{"start":{"line":8,"column":266},"end":{"line":8,"column":275}}],"line":8},"1":{"loc":{"start":{"line":8,"column":651},"end":{"line":8,"column":1966}},"type":"cond-expr","locations":[{"start":{"line":8,"column":666},"end":{"line":8,"column":1401}},{"start":{"line":8,"column":1403},"end":{"line":8,"column":1966}}],"line":8},"2":{"loc":{"start":{"line":8,"column":1694},"end":{"line":8,"column":1921}},"type":"cond-expr","locations":[{"start":{"line":8,"column":1704},"end":{"line":8,"column":1758}},{"start":{"line":8,"column":1760},"end":{"line":8,"column":1920}}],"line":8}},"s":{"0":1,"1":3,"2":3,"3":1,"4":3,"5":16,"6":16,"7":2,"8":1,"9":3,"10":2,"11":2,"12":2,"13":2,"14":2,"15":2,"16":0,"17":2,"18":2,"19":1,"20":1,"21":1,"22":3,"23":1,"24":1,"25":1,"26":0,"27":0,"28":1},"f":{"0":3,"1":1,"2":16,"3":16,"4":2,"5":3,"6":2,"7":2,"8":2,"9":2,"10":2,"11":1,"12":1,"13":3,"14":1,"15":0},"b":{"0":[1],"1":[1,1],"2":[1,0]},"_coverageSchema":"1a1c01bbd47fc00a2c39e90264f33305004495a9","hash":"91f669baab60d1bc8856ac1a12e51c3613773409"}
}
