{"/home/frank/code2/2020nov/forexy/forexy.min.js": {"path":"/home/frank/code2/2020nov/forexy/forexy.min.js","statementMap":{"0":{"start":{"line":8,"column":8},"end":{"line":8,"column":24}},"1":{"start":{"line":8,"column":47},"end":{"line":8,"column":63}},"2":{"start":{"line":8,"column":67},"end":{"line":8,"column":101}},"3":{"start":{"line":8,"column":75},"end":{"line":8,"column":100}},"4":{"start":{"line":8,"column":107},"end":{"line":8,"column":174}},"5":{"start":{"line":8,"column":115},"end":{"line":8,"column":173}},"6":{"start":{"line":8,"column":140},"end":{"line":8,"column":147}},"7":{"start":{"line":8,"column":162},"end":{"line":8,"column":171}},"8":{"start":{"line":8,"column":205},"end":{"line":8,"column":244}},"9":{"start":{"line":8,"column":277},"end":{"line":8,"column":300}},"10":{"start":{"line":8,"column":316},"end":{"line":8,"column":331}},"11":{"start":{"line":8,"column":332},"end":{"line":8,"column":429}},"12":{"start":{"line":8,"column":360},"end":{"line":8,"column":426}},"13":{"start":{"line":8,"column":364},"end":{"line":8,"column":411}},"14":{"start":{"line":8,"column":421},"end":{"line":8,"column":425}},"15":{"start":{"line":8,"column":447},"end":{"line":8,"column":1594}},"16":{"start":{"line":8,"column":475},"end":{"line":8,"column":1591}},"17":{"start":{"line":8,"column":506},"end":{"line":8,"column":1116}},"18":{"start":{"line":8,"column":1164},"end":{"line":8,"column":1166}},"19":{"start":{"line":8,"column":1167},"end":{"line":8,"column":1564}},"20":{"start":{"line":8,"column":1252},"end":{"line":8,"column":1278}},"21":{"start":{"line":8,"column":1299},"end":{"line":8,"column":1561}},"22":{"start":{"line":8,"column":1309},"end":{"line":8,"column":1322}},"23":{"start":{"line":8,"column":1323},"end":{"line":8,"column":1546}},"24":{"start":{"line":8,"column":1556},"end":{"line":8,"column":1560}},"25":{"start":{"line":8,"column":1584},"end":{"line":8,"column":1588}},"26":{"start":{"line":8,"column":1596},"end":{"line":8,"column":1613}}},"fnMap":{"0":{"name":"(anonymous_0)","decl":{"start":{"line":8,"column":33},"end":{"line":8,"column":34}},"loc":{"start":{"line":8,"column":46},"end":{"line":8,"column":64}},"line":8},"1":{"name":"(anonymous_1)","decl":{"start":{"line":8,"column":67},"end":{"line":8,"column":68}},"loc":{"start":{"line":8,"column":74},"end":{"line":8,"column":101}},"line":8},"2":{"name":"(anonymous_2)","decl":{"start":{"line":8,"column":107},"end":{"line":8,"column":108}},"loc":{"start":{"line":8,"column":114},"end":{"line":8,"column":174}},"line":8},"3":{"name":"(anonymous_3)","decl":{"start":{"line":8,"column":137},"end":{"line":8,"column":138}},"loc":{"start":{"line":8,"column":140},"end":{"line":8,"column":147}},"line":8},"4":{"name":"(anonymous_4)","decl":{"start":{"line":8,"column":159},"end":{"line":8,"column":160}},"loc":{"start":{"line":8,"column":162},"end":{"line":8,"column":171}},"line":8},"5":{"name":"(anonymous_5)","decl":{"start":{"line":8,"column":245},"end":{"line":8,"column":246}},"loc":{"start":{"line":8,"column":276},"end":{"line":8,"column":301}},"line":8},"6":{"name":"(anonymous_6)","decl":{"start":{"line":8,"column":301},"end":{"line":8,"column":302}},"loc":{"start":{"line":8,"column":307},"end":{"line":8,"column":430}},"line":8},"7":{"name":"(anonymous_7)","decl":{"start":{"line":8,"column":352},"end":{"line":8,"column":353}},"loc":{"start":{"line":8,"column":359},"end":{"line":8,"column":427}},"line":8},"8":{"name":"(anonymous_8)","decl":{"start":{"line":8,"column":430},"end":{"line":8,"column":431}},"loc":{"start":{"line":8,"column":446},"end":{"line":8,"column":1595}},"line":8},"9":{"name":"(anonymous_9)","decl":{"start":{"line":8,"column":467},"end":{"line":8,"column":468}},"loc":{"start":{"line":8,"column":474},"end":{"line":8,"column":1592}},"line":8},"10":{"name":"(anonymous_10)","decl":{"start":{"line":8,"column":501},"end":{"line":8,"column":502}},"loc":{"start":{"line":8,"column":505},"end":{"line":8,"column":1117}},"line":8},"11":{"name":"(anonymous_11)","decl":{"start":{"line":8,"column":1154},"end":{"line":8,"column":1155}},"loc":{"start":{"line":8,"column":1157},"end":{"line":8,"column":1565}},"line":8},"12":{"name":"(anonymous_12)","decl":{"start":{"line":8,"column":1248},"end":{"line":8,"column":1249}},"loc":{"start":{"line":8,"column":1251},"end":{"line":8,"column":1279}},"line":8},"13":{"name":"(anonymous_13)","decl":{"start":{"line":8,"column":1294},"end":{"line":8,"column":1295}},"loc":{"start":{"line":8,"column":1298},"end":{"line":8,"column":1562}},"line":8},"14":{"name":"(anonymous_14)","decl":{"start":{"line":8,"column":1580},"end":{"line":8,"column":1581}},"loc":{"start":{"line":8,"column":1583},"end":{"line":8,"column":1589}},"line":8}},"branchMap":{"0":{"loc":{"start":{"line":8,"column":257},"end":{"line":8,"column":275}},"type":"default-arg","locations":[{"start":{"line":8,"column":266},"end":{"line":8,"column":275}}],"line":8},"1":{"loc":{"start":{"line":8,"column":475},"end":{"line":8,"column":1591}},"type":"cond-expr","locations":[{"start":{"line":8,"column":489},"end":{"line":8,"column":1123}},{"start":{"line":8,"column":1124},"end":{"line":8,"column":1591}}],"line":8},"2":{"loc":{"start":{"line":8,"column":1369},"end":{"line":8,"column":1546}},"type":"cond-expr","locations":[{"start":{"line":8,"column":1379},"end":{"line":8,"column":1433}},{"start":{"line":8,"column":1435},"end":{"line":8,"column":1545}}],"line":8}},"s":{"0":1,"1":3,"2":3,"3":1,"4":3,"5":0,"6":0,"7":0,"8":1,"9":3,"10":0,"11":0,"12":0,"13":0,"14":0,"15":0,"16":0,"17":0,"18":0,"19":0,"20":0,"21":0,"22":0,"23":0,"24":0,"25":0,"26":1},"f":{"0":3,"1":1,"2":0,"3":0,"4":0,"5":3,"6":0,"7":0,"8":0,"9":0,"10":0,"11":0,"12":0,"13":0,"14":0},"b":{"0":[1],"1":[0,0],"2":[0,0]},"_coverageSchema":"1a1c01bbd47fc00a2c39e90264f33305004495a9","hash":"34214512b07da83a3a2743791766734419e98628"}
}
