{"total": {"lines":{"total":113,"covered":108,"skipped":0,"pct":95.58},"statements":{"total":159,"covered":149,"skipped":0,"pct":93.71},"functions":{"total":50,"covered":46,"skipped":0,"pct":92},"branches":{"total":30,"covered":29,"skipped":0,"pct":96.67}}
,"/home/frank/code2/2020nov/forexy/forexy.min.js": {"lines":{"total":1,"covered":1,"skipped":0,"pct":100},"functions":{"total":25,"covered":23,"skipped":0,"pct":92},"statements":{"total":47,"covered":42,"skipped":0,"pct":89.36},"branches":{"total":15,"covered":14,"skipped":0,"pct":93.33}}
,"/home/frank/code2/2020nov/forexy/src/index.js": {"lines":{"total":112,"covered":107,"skipped":0,"pct":95.54},"functions":{"total":25,"covered":23,"skipped":0,"pct":92},"statements":{"total":112,"covered":107,"skipped":0,"pct":95.54},"branches":{"total":15,"covered":15,"skipped":0,"pct":100}}
}
