TN:
SF:src/index.js
FN:4,(anonymous_0)
FN:7,(anonymous_1)
FN:10,(anonymous_2)
FN:12,(anonymous_3)
FN:13,(anonymous_4)
FN:21,(anonymous_5)
FN:35,(anonymous_6)
FN:45,(anonymous_7)
FN:54,(anonymous_8)
FN:57,(anonymous_9)
FN:73,(anonymous_10)
FN:74,(anonymous_11)
FN:79,(anonymous_12)
FN:84,(anonymous_13)
FN:89,(anonymous_14)
FN:114,(anonymous_15)
FN:121,(anonymous_16)
FN:122,(anonymous_17)
FN:145,(anonymous_18)
FN:169,(anonymous_19)
FN:170,(anonymous_20)
FN:176,(anonymous_21)
FN:181,(anonymous_22)
FN:186,(anonymous_23)
FN:216,(anonymous_24)
FNF:25
FNH:23
FNDA:18,(anonymous_0)
FNDA:2,(anonymous_1)
FNDA:75,(anonymous_2)
FNDA:16,(anonymous_3)
FNDA:2,(anonymous_4)
FNDA:18,(anonymous_5)
FNDA:6,(anonymous_6)
FNDA:12,(anonymous_7)
FNDA:12,(anonymous_8)
FNDA:12,(anonymous_9)
FNDA:6,(anonymous_10)
FNDA:6,(anonymous_11)
FNDA:3,(anonymous_12)
FNDA:7,(anonymous_13)
FNDA:3,(anonymous_14)
FNDA:0,(anonymous_15)
FNDA:4,(anonymous_16)
FNDA:4,(anonymous_17)
FNDA:4,(anonymous_18)
FNDA:6,(anonymous_19)
FNDA:6,(anonymous_20)
FNDA:2,(anonymous_21)
FNDA:4,(anonymous_22)
FNDA:2,(anonymous_23)
FNDA:0,(anonymous_24)
DA:1,2
DA:5,18
DA:7,18
DA:8,2
DA:10,18
DA:11,75
DA:12,16
DA:13,2
DA:18,2
DA:19,2
DA:22,18
DA:24,18
DA:25,18
DA:26,18
DA:27,18
DA:28,18
DA:29,18
DA:30,18
DA:31,18
DA:32,18
DA:36,6
DA:38,6
DA:39,6
DA:42,6
DA:46,12
DA:47,12
DA:48,12
DA:49,12
DA:51,12
DA:55,12
DA:57,12
DA:58,12
DA:59,12
DA:60,12
DA:61,6
DA:63,6
DA:64,6
DA:68,0
DA:74,6
DA:75,6
DA:76,2
DA:78,4
DA:80,3
DA:81,3
DA:82,3
DA:84,3
DA:86,7
DA:87,7
DA:89,3
DA:90,3
DA:91,3
DA:92,3
DA:93,3
DA:94,3
DA:95,3
DA:97,3
DA:98,2
DA:102,1
DA:103,1
DA:104,1
DA:105,1
DA:106,1
DA:110,0
DA:115,0
DA:122,4
DA:125,4
DA:126,4
DA:127,4
DA:128,4
DA:129,4
DA:130,4
DA:131,4
DA:145,4
DA:146,4
DA:158,4
DA:159,4
DA:160,4
DA:161,4
DA:162,4
DA:163,4
DA:164,4
DA:170,6
DA:171,6
DA:172,2
DA:175,4
DA:177,2
DA:178,2
DA:179,2
DA:181,2
DA:183,4
DA:184,4
DA:186,2
DA:188,2
DA:189,2
DA:190,2
DA:191,2
DA:192,2
DA:193,2
DA:194,2
DA:196,2
DA:197,2
DA:199,2
DA:200,1
DA:204,1
DA:205,1
DA:206,1
DA:207,1
DA:208,1
DA:212,0
DA:217,0
DA:224,2
LF:111
LH:106
BRDA:21,0,0,2
BRDA:24,1,0,18
BRDA:24,1,1,12
BRDA:25,2,0,18
BRDA:25,2,1,8
BRDA:60,3,0,6
BRDA:60,3,1,6
BRDA:75,4,0,2
BRDA:75,4,1,4
BRDA:97,5,0,2
BRDA:97,5,1,1
BRDA:171,6,0,2
BRDA:171,6,1,4
BRDA:199,7,0,1
BRDA:199,7,1,1
BRF:15
BRH:15
end_of_record
