TN:
SF:forexy.min.js
FN:8,(anonymous_0)
FN:8,(anonymous_1)
FN:8,(anonymous_2)
FN:8,(anonymous_3)
FN:8,(anonymous_4)
FN:8,(anonymous_5)
FN:8,(anonymous_6)
FN:8,(anonymous_7)
FN:8,(anonymous_8)
FN:8,(anonymous_9)
FN:8,(anonymous_10)
FN:8,(anonymous_11)
FN:8,(anonymous_12)
FN:8,(anonymous_13)
FN:8,(anonymous_14)
FN:8,(anonymous_15)
FN:8,(anonymous_16)
FN:8,(anonymous_17)
FN:8,(anonymous_18)
FN:8,(anonymous_19)
FN:8,(anonymous_20)
FN:8,(anonymous_21)
FN:8,(anonymous_22)
FN:8,(anonymous_23)
FN:8,(anonymous_24)
FNF:25
FNH:23
FNDA:9,(anonymous_0)
FNDA:1,(anonymous_1)
FNDA:48,(anonymous_2)
FNDA:8,(anonymous_3)
FNDA:1,(anonymous_4)
FNDA:9,(anonymous_5)
FNDA:3,(anonymous_6)
FNDA:6,(anonymous_7)
FNDA:6,(anonymous_8)
FNDA:6,(anonymous_9)
FNDA:3,(anonymous_10)
FNDA:3,(anonymous_11)
FNDA:2,(anonymous_12)
FNDA:4,(anonymous_13)
FNDA:2,(anonymous_14)
FNDA:0,(anonymous_15)
FNDA:2,(anonymous_16)
FNDA:2,(anonymous_17)
FNDA:2,(anonymous_18)
FNDA:3,(anonymous_19)
FNDA:3,(anonymous_20)
FNDA:2,(anonymous_21)
FNDA:4,(anonymous_22)
FNDA:2,(anonymous_23)
FNDA:0,(anonymous_24)
DA:8,48
LF:1
LH:1
BRDA:8,0,0,1
BRDA:8,1,0,9
BRDA:8,1,1,6
BRDA:8,2,0,9
BRDA:8,2,1,4
BRDA:8,3,0,3
BRDA:8,3,1,3
BRDA:8,4,0,1
BRDA:8,4,1,2
BRDA:8,5,0,1
BRDA:8,5,1,1
BRDA:8,6,0,1
BRDA:8,6,1,2
BRDA:8,7,0,1
BRDA:8,7,1,1
BRF:15
BRH:15
end_of_record
TN:
SF:src/index.js
FN:4,(anonymous_0)
FN:7,(anonymous_1)
FN:10,(anonymous_2)
FN:12,(anonymous_3)
FN:13,(anonymous_4)
FN:21,(anonymous_5)
FN:35,(anonymous_6)
FN:45,(anonymous_7)
FN:54,(anonymous_8)
FN:55,(anonymous_9)
FN:72,(anonymous_10)
FN:73,(anonymous_11)
FN:78,(anonymous_12)
FN:86,(anonymous_13)
FN:91,(anonymous_14)
FN:117,(anonymous_15)
FN:124,(anonymous_16)
FN:125,(anonymous_17)
FN:148,(anonymous_18)
FN:172,(anonymous_19)
FN:173,(anonymous_20)
FN:179,(anonymous_21)
FN:186,(anonymous_22)
FN:191,(anonymous_23)
FN:223,(anonymous_24)
FNF:25
FNH:20
FNDA:9,(anonymous_0)
FNDA:1,(anonymous_1)
FNDA:34,(anonymous_2)
FNDA:8,(anonymous_3)
FNDA:1,(anonymous_4)
FNDA:9,(anonymous_5)
FNDA:3,(anonymous_6)
FNDA:6,(anonymous_7)
FNDA:6,(anonymous_8)
FNDA:6,(anonymous_9)
FNDA:3,(anonymous_10)
FNDA:3,(anonymous_11)
FNDA:2,(anonymous_12)
FNDA:4,(anonymous_13)
FNDA:2,(anonymous_14)
FNDA:0,(anonymous_15)
FNDA:2,(anonymous_16)
FNDA:2,(anonymous_17)
FNDA:2,(anonymous_18)
FNDA:3,(anonymous_19)
FNDA:3,(anonymous_20)
FNDA:0,(anonymous_21)
FNDA:0,(anonymous_22)
FNDA:0,(anonymous_23)
FNDA:0,(anonymous_24)
DA:1,1
DA:5,9
DA:7,9
DA:8,1
DA:10,9
DA:11,34
DA:12,8
DA:13,1
DA:18,1
DA:19,1
DA:22,9
DA:24,9
DA:25,9
DA:26,9
DA:27,9
DA:28,9
DA:29,9
DA:30,9
DA:31,9
DA:32,9
DA:36,3
DA:38,3
DA:39,3
DA:42,3
DA:46,6
DA:47,6
DA:48,6
DA:49,6
DA:51,6
DA:55,6
DA:56,6
DA:57,6
DA:58,6
DA:59,6
DA:60,3
DA:62,3
DA:63,3
DA:67,0
DA:73,3
DA:74,3
DA:75,1
DA:77,2
DA:79,2
DA:81,2
DA:82,2
DA:83,2
DA:84,2
DA:86,2
DA:88,4
DA:89,4
DA:91,2
DA:92,2
DA:93,2
DA:94,2
DA:95,2
DA:96,2
DA:97,2
DA:99,2
DA:100,2
DA:101,1
DA:105,1
DA:106,1
DA:107,1
DA:108,1
DA:109,1
DA:113,0
DA:118,0
DA:125,2
DA:128,2
DA:129,2
DA:130,2
DA:131,2
DA:132,2
DA:133,2
DA:134,2
DA:148,2
DA:149,2
DA:161,2
DA:162,2
DA:163,2
DA:164,2
DA:165,2
DA:166,2
DA:167,2
DA:173,3
DA:174,3
DA:175,1
DA:178,2
DA:180,0
DA:181,0
DA:182,0
DA:183,0
DA:184,0
DA:186,0
DA:188,0
DA:189,0
DA:191,0
DA:193,0
DA:194,0
DA:195,0
DA:196,0
DA:197,0
DA:198,0
DA:199,0
DA:201,0
DA:202,0
DA:204,0
DA:205,0
DA:211,0
DA:212,0
DA:213,0
DA:214,0
DA:215,0
DA:219,0
DA:224,0
DA:231,1
LF:116
LH:86
BRDA:21,0,0,1
BRDA:24,1,0,9
BRDA:24,1,1,6
BRDA:25,2,0,9
BRDA:25,2,1,4
BRDA:59,3,0,3
BRDA:59,3,1,3
BRDA:74,4,0,1
BRDA:74,4,1,2
BRDA:100,5,0,1
BRDA:100,5,1,1
BRDA:174,6,0,1
BRDA:174,6,1,2
BRDA:204,7,0,0
BRDA:204,7,1,0
BRF:15
BRH:13
end_of_record
